[38;5;15m2022-05-22 23:51:32 : [38;5;46mUTILS  [38;5;15m : [38;5;51mINFO  [38;5;15m : [38;5;51mLoaded [38;5;15mhelpers.js[38;5;51m as [38;5;39mutils.hbs.helpers[38;5;51m.[39m
[38;5;15m2022-05-22 23:51:32 : [38;5;46mUTILS  [38;5;15m : [38;5;51mINFO  [38;5;15m : [38;5;51mLoaded [38;5;15mlogger.js[38;5;51m as [38;5;39mutils.log.logger[38;5;51m.[39m
[38;5;15m2022-05-22 23:51:32 : [38;5;46mAWS_IAM[38;5;15m : [38;5;51mINFO  [38;5;15m : [38;5;51mInitializing IAM module...[39m
[38;5;15m2022-05-22 23:51:32 : [38;5;46mAWS_IAM[38;5;15m : [38;5;51mINFO  [38;5;15m : [38;5;51mLoading local profiles...[39m
[38;5;15m2022-05-22 23:51:32 : [38;5;46mUTILS  [38;5;15m : [38;5;51mINFO  [38;5;15m : [38;5;51mLoaded [38;5;15miam.js[38;5;51m as [38;5;39mutils.aws.iam[38;5;51m.[39m
[38;5;15m2022-05-22 23:51:32 : [38;5;46mAWS_EC2[38;5;15m : [38;5;51mINFO  [38;5;15m : [38;5;51mInitializing EC2 module...[39m
[38;5;15m2022-05-22 23:51:32 : [38;5;46mUTILS  [38;5;15m : [38;5;51mINFO  [38;5;15m : [38;5;51mLoaded [38;5;15mec2.js[38;5;51m as [38;5;39mutils.aws.ec2[38;5;51m.[39m
[38;5;15m2022-05-22 23:51:32 : [38;5;46mAWS_S3 [38;5;15m : [38;5;51mINFO  [38;5;15m : [38;5;51mInitializing S3 module...[39m
[38;5;15m2022-05-22 23:51:32 : [38;5;46mUTILS  [38;5;15m : [38;5;51mINFO  [38;5;15m : [38;5;51mLoaded [38;5;15ms3.js[38;5;51m as [38;5;39mutils.aws.s3[38;5;51m.[39m
[38;5;15m2022-05-22 23:51:32 : [38;5;46mSYSMAIN[38;5;15m : [38;5;39mDEBUG [38;5;15m : [38;5;39mTesting DEBUG System[39m
[38;5;15m2022-05-22 23:51:32 : [38;5;46mSYSMAIN[38;5;15m : [38;5;51mINFO  [38;5;15m : [38;5;51mTesting INFO Network[39m
[38;5;15m2022-05-22 23:51:32 : [38;5;46mSYSMAIN[38;5;15m : [38;5;208m[5mWARN  [25m[38;5;15m : [38;5;208mTesting Early WARN System[39m
[38;5;15m2022-05-22 23:51:32 : [38;5;46mSYSMAIN[38;5;15m : [38;5;196m[5mERROR [25m[38;5;15m : [38;5;196mTesting PANIC Stations.[39m
[38;5;15m2022-05-22 23:51:32 : [38;5;46mSYSMAIN[38;5;15m : [38;5;15m[5mNOTICE[25m[38;5;15m : [38;5;15mApplication started. Running on [38;5;51mhttp://localhost:3000[39m
[38;5;15m2022-05-22 23:51:32 : [38;5;46mAWS_IAM[38;5;15m : [38;5;39mDEBUG [38;5;15m : [38;5;39mProfile [default] found.[39m
[38;5;15m2022-05-22 23:51:32 : [38;5;46mAWS_IAM[38;5;15m : [38;5;39mDEBUG [38;5;15m : [38;5;39mProfile [dev] found.[39m
[38;5;15m2022-05-22 23:51:32 : [38;5;46mAWS_IAM[38;5;15m : [38;5;39mDEBUG [38;5;15m : [38;5;39mProfile [stage] found.[39m
[38;5;15m2022-05-22 23:51:32 : [38;5;46mAWS_IAM[38;5;15m : [38;5;39mDEBUG [38;5;15m : [38;5;39mProfile [prod] found.[39m
[38;5;15m2022-05-22 23:51:38 : [38;5;46mAWS_S3 [38;5;15m : [38;5;39mDEBUG [38;5;15m : [38;5;39massets-for-deadlands added.[39m
[38;5;15m2022-05-22 23:51:38 : [38;5;46mAWS_S3 [38;5;15m : [38;5;39mDEBUG [38;5;15m : [38;5;39mcertbot-test-bucket added.[39m
[38;5;15m2022-05-22 23:51:38 : [38;5;46mAWS_S3 [38;5;15m : [38;5;39mDEBUG [38;5;15m : [38;5;39mrpg-cert-bucket added.[39m
[38;5;15m2022-05-22 23:51:38 : [38;5;46mAWS_S3 [38;5;15m : [38;5;39mDEBUG [38;5;15m : [38;5;39mrw-bash-scripts added.[39m
[38;5;15m2022-05-22 23:51:38 : [38;5;46mAWS_S3 [38;5;15m : [38;5;39mDEBUG [38;5;15m : [38;5;39mrw-ec2-config added.[39m
[38;5;15m2022-05-22 23:51:38 : [38;5;46mAWS_S3 [38;5;15m : [38;5;39mDEBUG [38;5;15m : [38;5;39mrw-mc-files added.[39m
[38;5;15m2022-05-22 23:51:38 : [38;5;46mAWS_S3 [38;5;15m : [38;5;39mDEBUG [38;5;15m : [38;5;39mrw-mp-dl added.[39m
[38;5;15m2022-05-22 23:51:38 : [38;5;46mAWS_S3 [38;5;15m : [38;5;39mDEBUG [38;5;15m : [38;5;39mrw-tf-config added.[39m
[38;5;15m2022-05-22 23:51:38 : [38;5;46mAWS_S3 [38;5;15m : [38;5;39mDEBUG [38;5;15m : [38;5;39mtiles-and-tokens added.[39m
[38;5;15m2022-05-22 23:51:38 : [38;5;46mAWS_S3 [38;5;15m : [38;5;39mDEBUG [38;5;15m : [38;5;39massets-for-deadlands added.[39m
[38;5;15m2022-05-22 23:51:38 : [38;5;46mAWS_S3 [38;5;15m : [38;5;39mDEBUG [38;5;15m : [38;5;39mcertbot-test-bucket added.[39m
[38;5;15m2022-05-22 23:51:38 : [38;5;46mAWS_S3 [38;5;15m : [38;5;39mDEBUG [38;5;15m : [38;5;39mrpg-cert-bucket added.[39m
[38;5;15m2022-05-22 23:51:38 : [38;5;46mAWS_S3 [38;5;15m : [38;5;39mDEBUG [38;5;15m : [38;5;39mrw-bash-scripts added.[39m
[38;5;15m2022-05-22 23:51:38 : [38;5;46mAWS_S3 [38;5;15m : [38;5;39mDEBUG [38;5;15m : [38;5;39mrw-ec2-config added.[39m
[38;5;15m2022-05-22 23:51:38 : [38;5;46mAWS_S3 [38;5;15m : [38;5;39mDEBUG [38;5;15m : [38;5;39mrw-mc-files added.[39m
[38;5;15m2022-05-22 23:51:38 : [38;5;46mAWS_S3 [38;5;15m : [38;5;39mDEBUG [38;5;15m : [38;5;39mrw-mp-dl added.[39m
[38;5;15m2022-05-22 23:51:38 : [38;5;46mAWS_S3 [38;5;15m : [38;5;39mDEBUG [38;5;15m : [38;5;39mrw-tf-config added.[39m
[38;5;15m2022-05-22 23:51:38 : [38;5;46mAWS_S3 [38;5;15m : [38;5;39mDEBUG [38;5;15m : [38;5;39mtiles-and-tokens added.[39m
[38;5;15m2022-05-22 23:51:38 : [38;5;46mAWS_S3 [38;5;15m : [38;5;39mDEBUG [38;5;15m : [38;5;39massets-for-deadlands added.[39m
[38;5;15m2022-05-22 23:51:38 : [38;5;46mAWS_S3 [38;5;15m : [38;5;39mDEBUG [38;5;15m : [38;5;39mrw-bash-scripts added.[39m
[38;5;15m2022-05-22 23:51:38 : [38;5;46mAWS_S3 [38;5;15m : [38;5;39mDEBUG [38;5;15m : [38;5;39mcertbot-test-bucket added.[39m
[38;5;15m2022-05-22 23:51:38 : [38;5;46mAWS_S3 [38;5;15m : [38;5;39mDEBUG [38;5;15m : [38;5;39mrpg-cert-bucket added.[39m
[38;5;15m2022-05-22 23:51:38 : [38;5;46mAWS_S3 [38;5;15m : [38;5;39mDEBUG [38;5;15m : [38;5;39mrw-ec2-config added.[39m
[38;5;15m2022-05-22 23:51:38 : [38;5;46mAWS_S3 [38;5;15m : [38;5;39mDEBUG [38;5;15m : [38;5;39mrw-mc-files added.[39m
[38;5;15m2022-05-22 23:51:38 : [38;5;46mAWS_S3 [38;5;15m : [38;5;39mDEBUG [38;5;15m : [38;5;39mrw-mp-dl added.[39m
[38;5;15m2022-05-22 23:51:38 : [38;5;46mAWS_S3 [38;5;15m : [38;5;39mDEBUG [38;5;15m : [38;5;39mrw-tf-config added.[39m
[38;5;15m2022-05-22 23:51:38 : [38;5;46mAWS_S3 [38;5;15m : [38;5;39mDEBUG [38;5;15m : [38;5;39mtiles-and-tokens added.[39m
[38;5;15m2022-05-22 23:51:38 : [38;5;46mAWS_S3 [38;5;15m : [38;5;39mDEBUG [38;5;15m : [38;5;39massets-for-deadlands added.[39m
[38;5;15m2022-05-22 23:51:38 : [38;5;46mAWS_S3 [38;5;15m : [38;5;39mDEBUG [38;5;15m : [38;5;39mcertbot-test-bucket added.[39m
[38;5;15m2022-05-22 23:51:38 : [38;5;46mAWS_S3 [38;5;15m : [38;5;39mDEBUG [38;5;15m : [38;5;39mrpg-cert-bucket added.[39m
[38;5;15m2022-05-22 23:51:38 : [38;5;46mAWS_S3 [38;5;15m : [38;5;39mDEBUG [38;5;15m : [38;5;39mrw-bash-scripts added.[39m
[38;5;15m2022-05-22 23:51:38 : [38;5;46mAWS_S3 [38;5;15m : [38;5;39mDEBUG [38;5;15m : [38;5;39mrw-ec2-config added.[39m
[38;5;15m2022-05-22 23:51:38 : [38;5;46mAWS_S3 [38;5;15m : [38;5;39mDEBUG [38;5;15m : [38;5;39mrw-mc-files added.[39m
[38;5;15m2022-05-22 23:51:38 : [38;5;46mAWS_S3 [38;5;15m : [38;5;39mDEBUG [38;5;15m : [38;5;39mrw-mp-dl added.[39m
[38;5;15m2022-05-22 23:51:38 : [38;5;46mAWS_S3 [38;5;15m : [38;5;39mDEBUG [38;5;15m : [38;5;39mrw-tf-config added.[39m
[38;5;15m2022-05-22 23:51:38 : [38;5;46mAWS_S3 [38;5;15m : [38;5;39mDEBUG [38;5;15m : [38;5;39mtiles-and-tokens added.[39m
[38;5;15m2022-05-22 23:51:55 : [38;5;46mAWS_IAM[38;5;15m : [38;5;51mINFO  [38;5;15m : [38;5;51mSwitching profile to default[39m
[38;5;15m2022-05-23 06:39:49 : [38;5;46mAWS_IAM[38;5;15m : [38;5;51mINFO  [38;5;15m : [38;5;51mSwitching profile to dev[39m
[38;5;15m2022-05-23 07:18:06 : [38;5;46mUTILS  [38;5;15m : [38;5;51mINFO  [38;5;15m : [38;5;51mLoaded [38;5;15mhelpers.js[38;5;51m as [38;5;39mutils.hbs.helpers[38;5;51m.[39m
[38;5;15m2022-05-23 07:18:06 : [38;5;46mUTILS  [38;5;15m : [38;5;51mINFO  [38;5;15m : [38;5;51mLoaded [38;5;15mlogger.js[38;5;51m as [38;5;39mutils.log.logger[38;5;51m.[39m
[38;5;15m2022-05-23 07:18:06 : [38;5;46mAWS_IAM[38;5;15m : [38;5;51mINFO  [38;5;15m : [38;5;51mInitializing IAM module...[39m
[38;5;15m2022-05-23 07:18:06 : [38;5;46mAWS_IAM[38;5;15m : [38;5;51mINFO  [38;5;15m : [38;5;51mLoading local profiles...[39m
[38;5;15m2022-05-23 07:18:06 : [38;5;46mUTILS  [38;5;15m : [38;5;51mINFO  [38;5;15m : [38;5;51mLoaded [38;5;15miam.js[38;5;51m as [38;5;39mutils.aws.iam[38;5;51m.[39m
[38;5;15m2022-05-23 07:18:06 : [38;5;46mAWS_EC2[38;5;15m : [38;5;51mINFO  [38;5;15m : [38;5;51mInitializing EC2 module...[39m
[38;5;15m2022-05-23 07:18:06 : [38;5;46mUTILS  [38;5;15m : [38;5;51mINFO  [38;5;15m : [38;5;51mLoaded [38;5;15mec2.js[38;5;51m as [38;5;39mutils.aws.ec2[38;5;51m.[39m
[38;5;15m2022-05-23 07:18:06 : [38;5;46mAWS_S3 [38;5;15m : [38;5;51mINFO  [38;5;15m : [38;5;51mInitializing S3 module...[39m
[38;5;15m2022-05-23 07:18:06 : [38;5;46mUTILS  [38;5;15m : [38;5;51mINFO  [38;5;15m : [38;5;51mLoaded [38;5;15ms3.js[38;5;51m as [38;5;39mutils.aws.s3[38;5;51m.[39m
[38;5;15m2022-05-23 07:18:06 : [38;5;46mSYSMAIN[38;5;15m : [38;5;39mDEBUG [38;5;15m : [38;5;39mTesting DEBUG System[39m
[38;5;15m2022-05-23 07:18:06 : [38;5;46mSYSMAIN[38;5;15m : [38;5;51mINFO  [38;5;15m : [38;5;51mTesting INFO Network[39m
[38;5;15m2022-05-23 07:18:06 : [38;5;46mSYSMAIN[38;5;15m : [38;5;208m[5mWARN  [25m[38;5;15m : [38;5;208mTesting Early WARN System[39m
[38;5;15m2022-05-23 07:18:06 : [38;5;46mSYSMAIN[38;5;15m : [38;5;196m[5mERROR [25m[38;5;15m : [38;5;196mTesting PANIC Stations.[39m
[38;5;15m2022-05-23 07:18:06 : [38;5;46mSYSMAIN[38;5;15m : [38;5;15m[5mNOTICE[25m[38;5;15m : [38;5;15mApplication started. Running on [38;5;51mhttp://localhost:3000[39m
[38;5;15m2022-05-23 07:18:06 : [38;5;46mAWS_IAM[38;5;15m : [38;5;39mDEBUG [38;5;15m : [38;5;39mProfile [default] found.[39m
[38;5;15m2022-05-23 07:18:06 : [38;5;46mAWS_IAM[38;5;15m : [38;5;39mDEBUG [38;5;15m : [38;5;39mProfile [dev] found.[39m
[38;5;15m2022-05-23 07:18:06 : [38;5;46mAWS_IAM[38;5;15m : [38;5;39mDEBUG [38;5;15m : [38;5;39mProfile [stage] found.[39m
[38;5;15m2022-05-23 07:18:06 : [38;5;46mAWS_IAM[38;5;15m : [38;5;39mDEBUG [38;5;15m : [38;5;39mProfile [prod] found.[39m
[38;5;15m2022-05-23 07:18:13 : [38;5;46mAWS_S3 [38;5;15m : [38;5;39mDEBUG [38;5;15m : [38;5;39massets-for-deadlands added.[39m
[38;5;15m2022-05-23 07:18:13 : [38;5;46mAWS_S3 [38;5;15m : [38;5;39mDEBUG [38;5;15m : [38;5;39mcertbot-test-bucket added.[39m
[38;5;15m2022-05-23 07:18:13 : [38;5;46mAWS_S3 [38;5;15m : [38;5;39mDEBUG [38;5;15m : [38;5;39mrpg-cert-bucket added.[39m
[38;5;15m2022-05-23 07:18:13 : [38;5;46mAWS_S3 [38;5;15m : [38;5;39mDEBUG [38;5;15m : [38;5;39mrw-bash-scripts added.[39m
[38;5;15m2022-05-23 07:18:13 : [38;5;46mAWS_S3 [38;5;15m : [38;5;39mDEBUG [38;5;15m : [38;5;39mrw-ec2-config added.[39m
[38;5;15m2022-05-23 07:18:13 : [38;5;46mAWS_S3 [38;5;15m : [38;5;39mDEBUG [38;5;15m : [38;5;39mrw-mc-files added.[39m
[38;5;15m2022-05-23 07:18:13 : [38;5;46mAWS_S3 [38;5;15m : [38;5;39mDEBUG [38;5;15m : [38;5;39mrw-mp-dl added.[39m
[38;5;15m2022-05-23 07:18:13 : [38;5;46mAWS_S3 [38;5;15m : [38;5;39mDEBUG [38;5;15m : [38;5;39mrw-tf-config added.[39m
[38;5;15m2022-05-23 07:18:13 : [38;5;46mAWS_S3 [38;5;15m : [38;5;39mDEBUG [38;5;15m : [38;5;39mtiles-and-tokens added.[39m
[38;5;15m2022-05-23 07:18:13 : [38;5;46mAWS_S3 [38;5;15m : [38;5;39mDEBUG [38;5;15m : [38;5;39massets-for-deadlands added.[39m
[38;5;15m2022-05-23 07:18:13 : [38;5;46mAWS_S3 [38;5;15m : [38;5;39mDEBUG [38;5;15m : [38;5;39mcertbot-test-bucket added.[39m
[38;5;15m2022-05-23 07:18:13 : [38;5;46mAWS_S3 [38;5;15m : [38;5;39mDEBUG [38;5;15m : [38;5;39mrpg-cert-bucket added.[39m
[38;5;15m2022-05-23 07:18:13 : [38;5;46mAWS_S3 [38;5;15m : [38;5;39mDEBUG [38;5;15m : [38;5;39mrw-bash-scripts added.[39m
[38;5;15m2022-05-23 07:18:13 : [38;5;46mAWS_S3 [38;5;15m : [38;5;39mDEBUG [38;5;15m : [38;5;39mrw-ec2-config added.[39m
[38;5;15m2022-05-23 07:18:13 : [38;5;46mAWS_S3 [38;5;15m : [38;5;39mDEBUG [38;5;15m : [38;5;39mrw-mc-files added.[39m
[38;5;15m2022-05-23 07:18:13 : [38;5;46mAWS_S3 [38;5;15m : [38;5;39mDEBUG [38;5;15m : [38;5;39mrw-mp-dl added.[39m
[38;5;15m2022-05-23 07:18:13 : [38;5;46mAWS_S3 [38;5;15m : [38;5;39mDEBUG [38;5;15m : [38;5;39mrw-tf-config added.[39m
[38;5;15m2022-05-23 07:18:13 : [38;5;46mAWS_S3 [38;5;15m : [38;5;39mDEBUG [38;5;15m : [38;5;39mtiles-and-tokens added.[39m
[38;5;15m2022-05-23 07:18:13 : [38;5;46mAWS_S3 [38;5;15m : [38;5;39mDEBUG [38;5;15m : [38;5;39massets-for-deadlands added.[39m
[38;5;15m2022-05-23 07:18:13 : [38;5;46mAWS_S3 [38;5;15m : [38;5;39mDEBUG [38;5;15m : [38;5;39mcertbot-test-bucket added.[39m
[38;5;15m2022-05-23 07:18:13 : [38;5;46mAWS_S3 [38;5;15m : [38;5;39mDEBUG [38;5;15m : [38;5;39mrpg-cert-bucket added.[39m
[38;5;15m2022-05-23 07:18:13 : [38;5;46mAWS_S3 [38;5;15m : [38;5;39mDEBUG [38;5;15m : [38;5;39mrw-bash-scripts added.[39m
[38;5;15m2022-05-23 07:18:13 : [38;5;46mAWS_S3 [38;5;15m : [38;5;39mDEBUG [38;5;15m : [38;5;39mrw-ec2-config added.[39m
[38;5;15m2022-05-23 07:18:13 : [38;5;46mAWS_S3 [38;5;15m : [38;5;39mDEBUG [38;5;15m : [38;5;39mrw-mc-files added.[39m
[38;5;15m2022-05-23 07:18:13 : [38;5;46mAWS_S3 [38;5;15m : [38;5;39mDEBUG [38;5;15m : [38;5;39mrw-mp-dl added.[39m
[38;5;15m2022-05-23 07:18:13 : [38;5;46mAWS_S3 [38;5;15m : [38;5;39mDEBUG [38;5;15m : [38;5;39mrw-tf-config added.[39m
[38;5;15m2022-05-23 07:18:13 : [38;5;46mAWS_S3 [38;5;15m : [38;5;39mDEBUG [38;5;15m : [38;5;39mtiles-and-tokens added.[39m
[38;5;15m2022-05-23 07:18:13 : [38;5;46mAWS_S3 [38;5;15m : [38;5;39mDEBUG [38;5;15m : [38;5;39massets-for-deadlands added.[39m
[38;5;15m2022-05-23 07:18:13 : [38;5;46mAWS_S3 [38;5;15m : [38;5;39mDEBUG [38;5;15m : [38;5;39mcertbot-test-bucket added.[39m
[38;5;15m2022-05-23 07:18:13 : [38;5;46mAWS_S3 [38;5;15m : [38;5;39mDEBUG [38;5;15m : [38;5;39mrpg-cert-bucket added.[39m
[38;5;15m2022-05-23 07:18:13 : [38;5;46mAWS_S3 [38;5;15m : [38;5;39mDEBUG [38;5;15m : [38;5;39mrw-ec2-config added.[39m
[38;5;15m2022-05-23 07:18:13 : [38;5;46mAWS_S3 [38;5;15m : [38;5;39mDEBUG [38;5;15m : [38;5;39mrw-mc-files added.[39m
[38;5;15m2022-05-23 07:18:13 : [38;5;46mAWS_S3 [38;5;15m : [38;5;39mDEBUG [38;5;15m : [38;5;39mrw-mp-dl added.[39m
[38;5;15m2022-05-23 07:18:13 : [38;5;46mAWS_S3 [38;5;15m : [38;5;39mDEBUG [38;5;15m : [38;5;39mrw-tf-config added.[39m
[38;5;15m2022-05-23 07:18:13 : [38;5;46mAWS_S3 [38;5;15m : [38;5;39mDEBUG [38;5;15m : [38;5;39mtiles-and-tokens added.[39m
[38;5;15m2022-05-23 07:18:13 : [38;5;46mAWS_S3 [38;5;15m : [38;5;39mDEBUG [38;5;15m : [38;5;39mrw-bash-scripts added.[39m
[38;5;15m2022-05-23 07:18:15 : [38;5;46mAWS_IAM[38;5;15m : [38;5;51mINFO  [38;5;15m : [38;5;51mSwitching profile to default[39m
